<?xml version="1.0" encoding="UTF-8"?>
<!-- Generated by org.testng.reporters.JUnitReportReporter -->
<testsuite hostname="DESKTOP-5OB88K4" failures="0" tests="3" name="testng.parameterization.NormalDataProvider" time="58.181" errors="0" timestamp="2024-03-01T16:53:08 IST" skipped="0">
  <testcase classname="testng.parameterization.NormalDataProvider" name="verifyGoogleSearch" time="21.563"/>
  <testcase classname="testng.parameterization.NormalDataProvider" name="verifyGoogleSearch" time="16.396"/>
  <testcase classname="testng.parameterization.NormalDataProvider" name="verifyGoogleSearch" time="20.222"/>
</testsuite> <!-- testng.parameterization.NormalDataProvider -->
