<?xml version="1.0" encoding="UTF-8"?>
<!-- Generated by org.testng.reporters.JUnitReportReporter -->
<testsuite hostname="DESKTOP-5OB88K4" failures="0" tests="1" name="testng.parameterization.NeedOfParameterization" time="19.503" errors="0" timestamp="2024-03-01T16:53:08 IST" skipped="0">
  <testcase classname="testng.parameterization.NeedOfParameterization" name="verifyGoogleSearch" time="19.503"/>
</testsuite> <!-- testng.parameterization.NeedOfParameterization -->
